<?xml version="1.0" encoding="UTF-8"?>
<!-- Generated by org.testng.reporters.JUnitXMLReporter -->
<testsuite hostname="VishaanthLaptop" ignored="0" name="Test" tests="1" failures="0" timestamp="15 Sep 2018 10:39:50 GMT" time="47.295" errors="0">
  <testcase name="@BeforeTest beforeTest" time="0.0" classname="example.NewTest">
    <failure type="org.openqa.selenium.WebDriverException" message="Failed to connect to binary FirefoxBinary(C:\Program Files (x86)\Mozilla Firefox\firefox.exe) on port 7055; process output follows: 

1537007948444	addons.xpi	INFO	Mapping aushelper@mozilla.org to C:\Program Files (x86)\Mozilla Firefox\browser\features\aushelper@mozilla.org.xpi
1537007948445	addons.xpi	INFO	Mapping clicktoplay-rollout@mozilla.org to C:\Program Files (x86)\Mozilla Firefox\browser\features\clicktoplay-rollout@mozilla.org.xpi
1537007948445	addons.xpi	INFO	Mapping e10srollout@mozilla.org to C:\Program Files (x86)\Mozilla Firefox\browser\features\e10srollout@mozilla.org.xpi
1537007948445	addons.xpi	INFO	Mapping firefox@getpocket.com to C:\Program Files (x86)\Mozilla Firefox\browser\features\firefox@getpocket.com.xpi
1537007948445	addons.xpi	INFO	Mapping followonsearch@mozilla.com to C:\Program Files (x86)\Mozilla Firefox\browser\features\followonsearch@mozilla.com.xpi
1537007948445	addons.xpi	INFO	Mapping formautofill@mozilla.org to C:\Program Files (x86)\Mozilla Firefox\browser\features\formautofill@mozilla.org.xpi
1537007948445	addons.xpi	INFO	Mapping onboarding@mozilla.org to C:\Program Files (x86)\Mozilla Firefox\browser\features\onboarding@mozilla.org.xpi
1537007948446	addons.xpi	INFO	Mapping screenshots@mozilla.org to C:\Program Files (x86)\Mozilla Firefox\browser\features\screenshots@mozilla.org.xpi
1537007948446	addons.xpi	INFO	Mapping shield-recipe-client@mozilla.org to C:\Program Files (x86)\Mozilla Firefox\browser\features\shield-recipe-client@mozilla.org.xpi
1537007948446	addons.xpi	INFO	Mapping webcompat@mozilla.org to C:\Program Files (x86)\Mozilla Firefox\browser\features\webcompat@mozilla.org.xpi
1537007948447	addons.xpi	DEBUG	Existing add-on activity-stream@mozilla.org in app-system-defaults
1537007948447	addons.xpi	DEBUG	Existing add-on aushelper@mozilla.org in app-system-defaults
1537007948447	addons.xpi	DEBUG	Existing add-on clicktoplay-rollout@mozilla.org in app-system-defaults
1537007948448	addons.xpi	DEBUG	Existing add-on e10srollout@mozilla.org in app-system-defaults
1537007948448	addons.xpi	DEBUG	Existing add-on firefox@getpocket.com in app-system-defaults
1537007948448	addons.xpi	DEBUG	Existing add-on followonsearch@mozilla.com in app-system-defaults
1537007948449	addons.xpi	DEBUG	Existing add-on formautofill@mozilla.org in app-system-defaults
1537007948449	addons.xpi	DEBUG	Existing add-on onboarding@mozilla.org in app-system-defaults
1537007948449	addons.xpi	DEBUG	Existing add-on screenshots@mozilla.org in app-system-defaults
1537007948450	addons.xpi	DEBUG	Existing add-on shield-recipe-client@mozilla.org in app-system-defaults
1537007948450	addons.xpi	DEBUG	Existing add-on webcompat@mozilla.org in app-system-defaults
1537007948451	addons.xpi	DEBUG	Existing add-on {9F17B1A2-7317-49ef-BCB7-7BB47BDE10F8} in winreg-app-user
1537007948451	addons.xpi	INFO	Mapping {972ce4c6-7e08-4474-a285-3208198ce6fd} to C:\Program Files (x86)\Mozilla Firefox\browser\extensions\{972ce4c6-7e08-4474-a285-3208198ce6fd}.xpi
1537007948451	addons.xpi	DEBUG	Existing add-on {972ce4c6-7e08-4474-a285-3208198ce6fd} in app-global
1537007948452	addons.xpi	DEBUG	Existing add-on {9F17B1A2-7317-49ef-BCB7-7BB47BDE10F8} in winreg-app-global
1537007948452	addons.xpi	DEBUG	Existing add-on {8B1E27AE-119E-456b-B22E-08C61FACB097} in winreg-app-global
1537007948452	addons.xpi	DEBUG	getInstallState changed: false, state: {}
1537007948708	addons.productaddons	INFO	sending request to: https://aus5.mozilla.org/update/3/GMP/56.0/20170926190823/WINNT_x86-msvc-x64/en-US/release-cck-mozilla75/Windows_NT%2010.0.0.0%20(x64)/mozilla75/1.0/update.xml
1537007950169	addons.productaddons	INFO	Completed downloading document
1537007950571	addons.productaddons	INFO	downloadXHR File download. status=200
1537007950576	addons.productaddons	INFO	Downloaded file will be saved to C:\Users\User\AppData\Local\Temp\tmpaddon-361878
1537007951494	DeferredSave.webext.sc.lz4	DEBUG	Starting write
1537007951543	DeferredSave.webext.sc.lz4	DEBUG	Write succeeded
1537007951854	addons.productaddons	INFO	downloadXHR File download. status=200
1537007951888	addons.productaddons	INFO	Downloaded file will be saved to C:\Users\User\AppData\Local\Temp\tmpaddon-32b8e6

Build info: version: &amp;apos;2.53.0&amp;apos;, revision: &amp;apos;35ae25b1534ae328c771e0856c93e187490ca824&amp;apos;, time: &amp;apos;2016-03-15 10:43:46&amp;apos;
System info: host: &amp;apos;VishaanthLaptop&amp;apos;, ip: &amp;apos;192.168.137.1&amp;apos;, os.name: &amp;apos;Windows 10&amp;apos;, os.arch: &amp;apos;amd64&amp;apos;, os.version: &amp;apos;10.0&amp;apos;, java.version: &amp;apos;1.8.0_111&amp;apos;
Driver info: driver.version: FirefoxDriver">
      <![CDATA[org.openqa.selenium.WebDriverException: Failed to connect to binary FirefoxBinary(C:\Program Files (x86)\Mozilla Firefox\firefox.exe) on port 7055; process output follows: 

1537007948444	addons.xpi	INFO	Mapping aushelper@mozilla.org to C:\Program Files (x86)\Mozilla Firefox\browser\features\aushelper@mozilla.org.xpi
1537007948445	addons.xpi	INFO	Mapping clicktoplay-rollout@mozilla.org to C:\Program Files (x86)\Mozilla Firefox\browser\features\clicktoplay-rollout@mozilla.org.xpi
1537007948445	addons.xpi	INFO	Mapping e10srollout@mozilla.org to C:\Program Files (x86)\Mozilla Firefox\browser\features\e10srollout@mozilla.org.xpi
1537007948445	addons.xpi	INFO	Mapping firefox@getpocket.com to C:\Program Files (x86)\Mozilla Firefox\browser\features\firefox@getpocket.com.xpi
1537007948445	addons.xpi	INFO	Mapping followonsearch@mozilla.com to C:\Program Files (x86)\Mozilla Firefox\browser\features\followonsearch@mozilla.com.xpi
1537007948445	addons.xpi	INFO	Mapping formautofill@mozilla.org to C:\Program Files (x86)\Mozilla Firefox\browser\features\formautofill@mozilla.org.xpi
1537007948445	addons.xpi	INFO	Mapping onboarding@mozilla.org to C:\Program Files (x86)\Mozilla Firefox\browser\features\onboarding@mozilla.org.xpi
1537007948446	addons.xpi	INFO	Mapping screenshots@mozilla.org to C:\Program Files (x86)\Mozilla Firefox\browser\features\screenshots@mozilla.org.xpi
1537007948446	addons.xpi	INFO	Mapping shield-recipe-client@mozilla.org to C:\Program Files (x86)\Mozilla Firefox\browser\features\shield-recipe-client@mozilla.org.xpi
1537007948446	addons.xpi	INFO	Mapping webcompat@mozilla.org to C:\Program Files (x86)\Mozilla Firefox\browser\features\webcompat@mozilla.org.xpi
1537007948447	addons.xpi	DEBUG	Existing add-on activity-stream@mozilla.org in app-system-defaults
1537007948447	addons.xpi	DEBUG	Existing add-on aushelper@mozilla.org in app-system-defaults
1537007948447	addons.xpi	DEBUG	Existing add-on clicktoplay-rollout@mozilla.org in app-system-defaults
1537007948448	addons.xpi	DEBUG	Existing add-on e10srollout@mozilla.org in app-system-defaults
1537007948448	addons.xpi	DEBUG	Existing add-on firefox@getpocket.com in app-system-defaults
1537007948448	addons.xpi	DEBUG	Existing add-on followonsearch@mozilla.com in app-system-defaults
1537007948449	addons.xpi	DEBUG	Existing add-on formautofill@mozilla.org in app-system-defaults
1537007948449	addons.xpi	DEBUG	Existing add-on onboarding@mozilla.org in app-system-defaults
1537007948449	addons.xpi	DEBUG	Existing add-on screenshots@mozilla.org in app-system-defaults
1537007948450	addons.xpi	DEBUG	Existing add-on shield-recipe-client@mozilla.org in app-system-defaults
1537007948450	addons.xpi	DEBUG	Existing add-on webcompat@mozilla.org in app-system-defaults
1537007948451	addons.xpi	DEBUG	Existing add-on {9F17B1A2-7317-49ef-BCB7-7BB47BDE10F8} in winreg-app-user
1537007948451	addons.xpi	INFO	Mapping {972ce4c6-7e08-4474-a285-3208198ce6fd} to C:\Program Files (x86)\Mozilla Firefox\browser\extensions\{972ce4c6-7e08-4474-a285-3208198ce6fd}.xpi
1537007948451	addons.xpi	DEBUG	Existing add-on {972ce4c6-7e08-4474-a285-3208198ce6fd} in app-global
1537007948452	addons.xpi	DEBUG	Existing add-on {9F17B1A2-7317-49ef-BCB7-7BB47BDE10F8} in winreg-app-global
1537007948452	addons.xpi	DEBUG	Existing add-on {8B1E27AE-119E-456b-B22E-08C61FACB097} in winreg-app-global
1537007948452	addons.xpi	DEBUG	getInstallState changed: false, state: {}
1537007948708	addons.productaddons	INFO	sending request to: https://aus5.mozilla.org/update/3/GMP/56.0/20170926190823/WINNT_x86-msvc-x64/en-US/release-cck-mozilla75/Windows_NT%2010.0.0.0%20(x64)/mozilla75/1.0/update.xml
1537007950169	addons.productaddons	INFO	Completed downloading document
1537007950571	addons.productaddons	INFO	downloadXHR File download. status=200
1537007950576	addons.productaddons	INFO	Downloaded file will be saved to C:\Users\User\AppData\Local\Temp\tmpaddon-361878
1537007951494	DeferredSave.webext.sc.lz4	DEBUG	Starting write
1537007951543	DeferredSave.webext.sc.lz4	DEBUG	Write succeeded
1537007951854	addons.productaddons	INFO	downloadXHR File download. status=200
1537007951888	addons.productaddons	INFO	Downloaded file will be saved to C:\Users\User\AppData\Local\Temp\tmpaddon-32b8e6

Build info: version: '2.53.0', revision: '35ae25b1534ae328c771e0856c93e187490ca824', time: '2016-03-15 10:43:46'
System info: host: 'VishaanthLaptop', ip: '192.168.137.1', os.name: 'Windows 10', os.arch: 'amd64', os.version: '10.0', java.version: '1.8.0_111'
Driver info: driver.version: FirefoxDriver
	at org.openqa.selenium.firefox.internal.NewProfileExtensionConnection.start(NewProfileExtensionConnection.java:125)
	at org.openqa.selenium.firefox.FirefoxDriver.startClient(FirefoxDriver.java:271)
	at org.openqa.selenium.remote.RemoteWebDriver.<init>(RemoteWebDriver.java:119)
	at org.openqa.selenium.firefox.FirefoxDriver.<init>(FirefoxDriver.java:216)
	at org.openqa.selenium.firefox.FirefoxDriver.<init>(FirefoxDriver.java:211)
	at org.openqa.selenium.firefox.FirefoxDriver.<init>(FirefoxDriver.java:207)
	at org.openqa.selenium.firefox.FirefoxDriver.<init>(FirefoxDriver.java:120)
	at example.NewTest.beforeTest(NewTest.java:25)
Caused by: org.openqa.selenium.firefox.NotConnectedException: Unable to connect to host 127.0.0.1 on port 7055 after 45000 ms. Firefox console output:

1537007948444	addons.xpi	INFO	Mapping aushelper@mozilla.org to C:\Program Files (x86)\Mozilla Firefox\browser\features\aushelper@mozilla.org.xpi
1537007948445	addons.xpi	INFO	Mapping clicktoplay-rollout@mozilla.org to C:\Program Files (x86)\Mozilla Firefox\browser\features\clicktoplay-rollout@mozilla.org.xpi
1537007948445	addons.xpi	INFO	Mapping e10srollout@mozilla.org to C:\Program Files (x86)\Mozilla Firefox\browser\features\e10srollout@mozilla.org.xpi
1537007948445	addons.xpi	INFO	Mapping firefox@getpocket.com to C:\Program Files (x86)\Mozilla Firefox\browser\features\firefox@getpocket.com.xpi
1537007948445	addons.xpi	INFO	Mapping followonsearch@mozilla.com to C:\Program Files (x86)\Mozilla Firefox\browser\features\followonsearch@mozilla.com.xpi
1537007948445	addons.xpi	INFO	Mapping formautofill@mozilla.org to C:\Program Files (x86)\Mozilla Firefox\browser\features\formautofill@mozilla.org.xpi
1537007948445	addons.xpi	INFO	Mapping onboarding@mozilla.org to C:\Program Files (x86)\Mozilla Firefox\browser\features\onboarding@mozilla.org.xpi
1537007948446	addons.xpi	INFO	Mapping screenshots@mozilla.org to C:\Program Files (x86)\Mozilla Firefox\browser\features\screenshots@mozilla.org.xpi
1537007948446	addons.xpi	INFO	Mapping shield-recipe-client@mozilla.org to C:\Program Files (x86)\Mozilla Firefox\browser\features\shield-recipe-client@mozilla.org.xpi
1537007948446	addons.xpi	INFO	Mapping webcompat@mozilla.org to C:\Program Files (x86)\Mozilla Firefox\browser\features\webcompat@mozilla.org.xpi
1537007948447	addons.xpi	DEBUG	Existing add-on activity-stream@mozilla.org in app-system-defaults
1537007948447	addons.xpi	DEBUG	Existing add-on aushelper@mozilla.org in app-system-defaults
1537007948447	addons.xpi	DEBUG	Existing add-on clicktoplay-rollout@mozilla.org in app-system-defaults
1537007948448	addons.xpi	DEBUG	Existing add-on e10srollout@mozilla.org in app-system-defaults
1537007948448	addons.xpi	DEBUG	Existing add-on firefox@getpocket.com in app-system-defaults
1537007948448	addons.xpi	DEBUG	Existing add-on followonsearch@mozilla.com in app-system-defaults
1537007948449	addons.xpi	DEBUG	Existing add-on formautofill@mozilla.org in app-system-defaults
1537007948449	addons.xpi	DEBUG	Existing add-on onboarding@mozilla.org in app-system-defaults
1537007948449	addons.xpi	DEBUG	Existing add-on screenshots@mozilla.org in app-system-defaults
1537007948450	addons.xpi	DEBUG	Existing add-on shield-recipe-client@mozilla.org in app-system-defaults
1537007948450	addons.xpi	DEBUG	Existing add-on webcompat@mozilla.org in app-system-defaults
1537007948451	addons.xpi	DEBUG	Existing add-on {9F17B1A2-7317-49ef-BCB7-7BB47BDE10F8} in winreg-app-user
1537007948451	addons.xpi	INFO	Mapping {972ce4c6-7e08-4474-a285-3208198ce6fd} to C:\Program Files (x86)\Mozilla Firefox\browser\extensions\{972ce4c6-7e08-4474-a285-3208198ce6fd}.xpi
1537007948451	addons.xpi	DEBUG	Existing add-on {972ce4c6-7e08-4474-a285-3208198ce6fd} in app-global
1537007948452	addons.xpi	DEBUG	Existing add-on {9F17B1A2-7317-49ef-BCB7-7BB47BDE10F8} in winreg-app-global
1537007948452	addons.xpi	DEBUG	Existing add-on {8B1E27AE-119E-456b-B22E-08C61FACB097} in winreg-app-global
1537007948452	addons.xpi	DEBUG	getInstallState changed: false, state: {}
1537007948708	addons.productaddons	INFO	sending request to: https://aus5.mozilla.org/update/3/GMP/56.0/20170926190823/WINNT_x86-msvc-x64/en-US/release-cck-mozilla75/Windows_NT%2010.0.0.0%20(x64)/mozilla75/1.0/update.xml
1537007950169	addons.productaddons	INFO	Completed downloading document
1537007950571	addons.productaddons	INFO	downloadXHR File download. status=200
1537007950576	addons.productaddons	INFO	Downloaded file will be saved to C:\Users\User\AppData\Local\Temp\tmpaddon-361878
1537007951494	DeferredSave.webext.sc.lz4	DEBUG	Starting write
1537007951543	DeferredSave.webext.sc.lz4	DEBUG	Write succeeded
1537007951854	addons.productaddons	INFO	downloadXHR File download. status=200
1537007951888	addons.productaddons	INFO	Downloaded file will be saved to C:\Users\User\AppData\Local\Temp\tmpaddon-32b8e6

	at org.openqa.selenium.firefox.internal.NewProfileExtensionConnection.start(NewProfileExtensionConnection.java:113)
	... 30 more
... Removed 23 stack frames]]>
    </failure>
  </testcase> <!-- @BeforeTest beforeTest -->
  <testcase name="@AfterTest afterTest" time="0.0" classname="example.NewTest">
    <skipped/>
  </testcase> <!-- @AfterTest afterTest -->
  <testcase name="testEasy" time="0.003" classname="example.NewTest">
    <skipped/>
  </testcase> <!-- testEasy -->
</testsuite> <!-- Test -->
