<?xml version="1.0" encoding="UTF-8"?>
<testng-results skipped="0" failed="0" ignored="0" total="1" passed="1">
  <reporter-output>
  </reporter-output>
  <suite name="Suite" duration-ms="13799" started-at="2018-09-16T06:08:11Z" finished-at="2018-09-16T06:08:25Z">
    <groups>
    </groups>
    <test name="Test" duration-ms="13799" started-at="2018-09-16T06:08:11Z" finished-at="2018-09-16T06:08:25Z">
      <class name="launchurl.LaunchWebSite">
        <test-method status="PASS" signature="beforeTest()[pri:0, instance:launchurl.LaunchWebSite@71be98f5]" name="beforeTest" is-config="true" duration-ms="8666" started-at="2018-09-16T11:38:11Z" finished-at="2018-09-16T11:38:20Z">
          <reporter-output>
          </reporter-output>
        </test-method> <!-- beforeTest -->
        <test-method status="PASS" signature="testEasy()[pri:0, instance:launchurl.LaunchWebSite@71be98f5]" name="testEasy" duration-ms="2446" started-at="2018-09-16T11:38:20Z" finished-at="2018-09-16T11:38:23Z">
          <reporter-output>
          </reporter-output>
        </test-method> <!-- testEasy -->
        <test-method status="PASS" signature="afterTest()[pri:0, instance:launchurl.LaunchWebSite@71be98f5]" name="afterTest" is-config="true" duration-ms="2658" started-at="2018-09-16T11:38:23Z" finished-at="2018-09-16T11:38:25Z">
          <reporter-output>
          </reporter-output>
        </test-method> <!-- afterTest -->
      </class> <!-- launchurl.LaunchWebSite -->
    </test> <!-- Test -->
  </suite> <!-- Suite -->
</testng-results>
