<?xml version="1.0" encoding="UTF-8"?>
<testng-results skipped="0" failed="0" ignored="0" total="1" passed="1">
  <reporter-output>
  </reporter-output>
  <suite name="Default suite" duration-ms="27849" started-at="2018-09-15T10:45:03Z" finished-at="2018-09-15T10:45:31Z">
    <groups>
    </groups>
    <test name="Default test" duration-ms="27849" started-at="2018-09-15T10:45:03Z" finished-at="2018-09-15T10:45:31Z">
      <class name="example.NewTest">
        <test-method status="PASS" signature="beforeTest()[pri:0, instance:example.NewTest@5034c75a]" name="beforeTest" is-config="true" duration-ms="7561" started-at="2018-09-15T16:15:03Z" finished-at="2018-09-15T16:15:10Z">
          <reporter-output>
          </reporter-output>
        </test-method> <!-- beforeTest -->
        <test-method status="PASS" signature="testEasy()[pri:0, instance:example.NewTest@5034c75a]" name="testEasy" duration-ms="18866" started-at="2018-09-15T16:15:10Z" finished-at="2018-09-15T16:15:29Z">
          <reporter-output>
          </reporter-output>
        </test-method> <!-- testEasy -->
        <test-method status="PASS" signature="afterTest()[pri:0, instance:example.NewTest@5034c75a]" name="afterTest" is-config="true" duration-ms="1390" started-at="2018-09-15T16:15:29Z" finished-at="2018-09-15T16:15:31Z">
          <reporter-output>
          </reporter-output>
        </test-method> <!-- afterTest -->
      </class> <!-- example.NewTest -->
    </test> <!-- Default test -->
  </suite> <!-- Default suite -->
</testng-results>
